# JRE version: OpenJDK Runtime Environment (11.0.15) (build 11.0.15+0-b2043.56-9505619)
# Java VM: OpenJDK 64-Bit Server VM (11.0.15+0-b2043.56-9505619, mixed mode, tiered, compressed oops, g1 gc, windows-amd64)
Heap:
 garbage-first heap   total 371712K, used 181521K [0x00000000a0000000, 0x0000000100000000)
  region size 1024K, 17 young (17408K), 2 survivors (2048K)
 Metaspace       used 108994K, capacity 113728K, committed 113800K, reserved 1148928K
  class space    used 13972K, capacity 15475K, committed 15488K, reserved 1048576K
GC Heap History (20 events):
Event: 72.158 GC heap before
{Heap before GC invocations=89 (full 0):
 garbage-first heap   total 290816K, used 180114K [0x00000000a0000000, 0x0000000100000000)
  region size 1024K, 9 young (9216K), 8 survivors (8192K)
 Metaspace       used 106207K, capacity 110462K, committed 110600K, reserved 1144832K
  class space    used 13707K, capacity 15039K, committed 15104K, reserved 1048576K
}
Event: 72.166 GC heap after
{Heap after GC invocations=90 (full 0):
 garbage-first heap   total 290816K, used 168530K [0x00000000a0000000, 0x0000000100000000)
  region size 1024K, 4 young (4096K), 4 survivors (4096K)
 Metaspace       used 106207K, capacity 110462K, committed 110600K, reserved 1144832K
  class space    used 13707K, capacity 15039K, committed 15104K, reserved 1048576K
}
Event: 72.889 GC heap before
{Heap before GC invocations=91 (full 0):
 garbage-first heap   total 294912K, used 294482K [0x00000000a0000000, 0x0000000100000000)
  region size 1024K, 7 young (7168K), 4 survivors (4096K)
 Metaspace       used 106326K, capacity 110566K, committed 110600K, reserved 1144832K
  class space    used 13722K, capacity 15074K, committed 15104K, reserved 1048576K
}
Event: 72.896 GC heap after
{Heap after GC invocations=92 (full 0):
 garbage-first heap   total 297984K, used 157526K [0x00000000a0000000, 0x0000000100000000)
  region size 1024K, 3 young (3072K), 3 survivors (3072K)
 Metaspace       used 106326K, capacity 110566K, committed 110600K, reserved 1144832K
  class space    used 13722K, capacity 15074K, committed 15104K, reserved 1048576K
}
Event: 203.302 GC heap before
{Heap before GC invocations=92 (full 0):
 garbage-first heap   total 297984K, used 230230K [0x00000000a0000000, 0x0000000100000000)
  region size 1024K, 74 young (75776K), 3 survivors (3072K)
 Metaspace       used 107176K, capacity 111521K, committed 111752K, reserved 1146880K
  class space    used 13803K, capacity 15139K, committed 15232K, reserved 1048576K
}
Event: 203.334 GC heap after
{Heap after GC invocations=93 (full 0):
 garbage-first heap   total 297984K, used 163902K [0x00000000a0000000, 0x0000000100000000)
  region size 1024K, 10 young (10240K), 10 survivors (10240K)
 Metaspace       used 107176K, capacity 111521K, committed 111752K, reserved 1146880K
  class space    used 13803K, capacity 15139K, committed 15232K, reserved 1048576K
}
Event: 204.197 GC heap before
{Heap before GC invocations=94 (full 0):
 garbage-first heap   total 297984K, used 233534K [0x00000000a0000000, 0x0000000100000000)
  region size 1024K, 79 young (80896K), 10 survivors (10240K)
 Metaspace       used 107765K, capacity 112226K, committed 112392K, reserved 1146880K
  class space    used 13862K, capacity 15248K, committed 15360K, reserved 1048576K
}
Event: 204.224 GC heap after
{Heap after GC invocations=95 (full 0):
 garbage-first heap   total 297984K, used 178092K [0x00000000a0000000, 0x0000000100000000)
  region size 1024K, 10 young (10240K), 10 survivors (10240K)
 Metaspace       used 107765K, capacity 112226K, committed 112392K, reserved 1146880K
  class space    used 13862K, capacity 15248K, committed 15360K, reserved 1048576K
}
Event: 207.598 GC heap before
{Heap before GC invocations=95 (full 0):
 garbage-first heap   total 297984K, used 236460K [0x00000000a0000000, 0x0000000100000000)
  region size 1024K, 68 young (69632K), 10 survivors (10240K)
 Metaspace       used 108151K, capacity 112700K, committed 112904K, reserved 1146880K
  class space    used 13920K, capacity 15356K, committed 15360K, reserved 1048576K
}
Event: 207.645 GC heap after
{Heap after GC invocations=96 (full 0):
 garbage-first heap   total 297984K, used 187880K [0x00000000a0000000, 0x0000000100000000)
  region size 1024K, 9 young (9216K), 9 survivors (9216K)
 Metaspace       used 108151K, capacity 112700K, committed 112904K, reserved 1146880K
  class space    used 13920K, capacity 15356K, committed 15360K, reserved 1048576K
}
Event: 208.552 GC heap before
{Heap before GC invocations=97 (full 0):
 garbage-first heap   total 371712K, used 329192K [0x00000000a0000000, 0x0000000100000000)
  region size 1024K, 63 young (64512K), 9 survivors (9216K)
 Metaspace       used 108342K, capacity 112969K, committed 113288K, reserved 1146880K
  class space    used 13928K, capacity 15371K, committed 15488K, reserved 1048576K
}
Event: 208.566 GC heap after
{Heap after GC invocations=98 (full 0):
 garbage-first heap   total 371712K, used 264605K [0x00000000a0000000, 0x0000000100000000)
  region size 1024K, 6 young (6144K), 6 survivors (6144K)
 Metaspace       used 108342K, capacity 112969K, committed 113288K, reserved 1146880K
  class space    used 13928K, capacity 15371K, committed 15488K, reserved 1048576K
}
Event: 208.652 GC heap before
{Heap before GC invocations=98 (full 0):
 garbage-first heap   total 371712K, used 276893K [0x00000000a0000000, 0x0000000100000000)
  region size 1024K, 19 young (19456K), 6 survivors (6144K)
 Metaspace       used 108359K, capacity 112974K, committed 113288K, reserved 1146880K
  class space    used 13929K, capacity 15372K, committed 15488K, reserved 1048576K
}
Event: 208.675 GC heap after
{Heap after GC invocations=99 (full 0):
 garbage-first heap   total 371712K, used 239567K [0x00000000a0000000, 0x0000000100000000)
  region size 1024K, 2 young (2048K), 2 survivors (2048K)
 Metaspace       used 108359K, capacity 112974K, committed 113288K, reserved 1146880K
  class space    used 13929K, capacity 15372K, committed 15488K, reserved 1048576K
}
Event: 963.296 GC heap before
{Heap before GC invocations=99 (full 0):
 garbage-first heap   total 371712K, used 303055K [0x00000000a0000000, 0x0000000100000000)
  region size 1024K, 64 young (65536K), 2 survivors (2048K)
 Metaspace       used 108690K, capacity 113408K, committed 113544K, reserved 1146880K
  class space    used 13944K, capacity 15427K, committed 15488K, reserved 1048576K
}
Event: 963.317 GC heap after
{Heap after GC invocations=100 (full 0):
 garbage-first heap   total 371712K, used 240409K [0x00000000a0000000, 0x0000000100000000)
  region size 1024K, 3 young (3072K), 3 survivors (3072K)
 Metaspace       used 108690K, capacity 113408K, committed 113544K, reserved 1146880K
  class space    used 13944K, capacity 15427K, committed 15488K, reserved 1048576K
}
Event: 2895.732 GC heap before
{Heap before GC invocations=101 (full 0):
 garbage-first heap   total 371712K, used 269081K [0x00000000a0000000, 0x0000000100000000)
  region size 1024K, 67 young (68608K), 3 survivors (3072K)
 Metaspace       used 108852K, capacity 113508K, committed 113800K, reserved 1148928K
  class space    used 13950K, capacity 15435K, committed 15488K, reserved 1048576K
}
Event: 2895.743 GC heap after
{Heap after GC invocations=102 (full 0):
 garbage-first heap   total 371712K, used 169446K [0x00000000a0000000, 0x0000000100000000)
  region size 1024K, 5 young (5120K), 5 survivors (5120K)
 Metaspace       used 108852K, capacity 113508K, committed 113800K, reserved 1148928K
  class space    used 13950K, capacity 15435K, committed 15488K, reserved 1048576K
}
Event: 2895.829 GC heap before
{Heap before GC invocations=102 (full 0):
 garbage-first heap   total 371712K, used 181734K [0x00000000a0000000, 0x0000000100000000)
  region size 1024K, 18 young (18432K), 5 survivors (5120K)
 Metaspace       used 108941K, capacity 113686K, committed 113800K, reserved 1148928K
  class space    used 13966K, capacity 15465K, committed 15488K, reserved 1048576K
}
Event: 2895.838 GC heap after
{Heap after GC invocations=103 (full 0):
 garbage-first heap   total 371712K, used 167185K [0x00000000a0000000, 0x0000000100000000)
  region size 1024K, 2 young (2048K), 2 survivors (2048K)
 Metaspace       used 108941K, capacity 113686K, committed 113800K, reserved 1148928K
  class space    used 13966K, capacity 15465K, committed 15488K, reserved 1048576K
}

